[   101.956] _XSERVTransSocketUNIXCreateListener: ...SocketCreateListener() failed
[   101.956] _XSERVTransMakeAllCOTSServerListeners: server already running
[   101.956] (--) Log file renamed from "/home/jessica/.local/share/xorg/Xorg.pid-1280.log" to "/home/jessica/.local/share/xorg/Xorg.1.log"
[   101.958] 
X.Org X Server 1.21.1.15
X Protocol Version 11, Revision 0
[   101.958] Current Operating System: Linux vbox 6.12.13-amd64 #1 SMP PREEMPT_DYNAMIC Kali 6.12.13-1kali1 (2025-02-11) x86_64
[   101.958] Kernel command line: BOOT_IMAGE=/boot/vmlinuz-6.12.13-amd64 root=UUID=260ad5d0-a877-4712-aa9c-10cba1893592 ro quiet splash
[   101.958] xorg-server 2:21.1.15-2 (https://www.debian.org/support) 
[   101.958] Current version of pixman: 0.44.0
[   101.958] 	Before reporting problems, check http://wiki.x.org
	to make sure that you have the latest version.
[   101.958] Markers: (--) probed, (**) from config file, (==) default setting,
	(++) from command line, (!!) notice, (II) informational,
	(WW) warning, (EE) error, (NI) not implemented, (??) unknown.
[   101.958] (==) Log file: "/home/jessica/.local/share/xorg/Xorg.1.log", Time: Fri May 30 05:01:58 2025
[   101.959] (==) Using system config directory "/usr/share/X11/xorg.conf.d"
[   101.985] (==) No Layout section.  Using the first Screen section.
[   101.985] (==) No screen section available. Using defaults.
[   101.985] (**) |-->Screen "Default Screen Section" (0)
[   101.985] (**) |   |-->Monitor "<default monitor>"
[   101.986] (==) No monitor specified for screen "Default Screen Section".
	Using a default monitor configuration.
[   101.986] (**) Allowing byte-swapped clients
[   101.987] (==) Automatically adding devices
[   101.987] (==) Automatically enabling devices
[   101.987] (==) Automatically adding GPU devices
[   101.987] (==) Automatically binding GPU devices
[   101.987] (==) Max clients allowed: 256, resource mask: 0x1fffff
[   101.988] (WW) The directory "/usr/share/fonts/X11/cyrillic" does not exist.
[   101.988] 	Entry deleted from font path.
[   101.989] (==) FontPath set to:
	/usr/share/fonts/X11/misc,
	/usr/share/fonts/X11/100dpi/:unscaled,
	/usr/share/fonts/X11/75dpi/:unscaled,
	/usr/share/fonts/X11/Type1,
	/usr/share/fonts/X11/100dpi,
	/usr/share/fonts/X11/75dpi,
	built-ins
[   101.989] (==) ModulePath set to "/usr/lib/xorg/modules"
[   101.989] (II) The server relies on udev to provide the list of input devices.
	If no devices become available, reconfigure udev or disable AutoAddDevices.
[   101.989] (II) Loader magic: 0x558c33f0df20
[   101.990] (II) Module ABI versions:
[   101.990] 	X.Org ANSI C Emulation: 0.4
[   101.990] 	X.Org Video Driver: 25.2
[   101.990] 	X.Org XInput driver : 24.4
[   101.990] 	X.Org Server Extension : 10.0
[   102.005] (++) using VT number 2

[   102.028] (II) systemd-logind: took control of session /org/freedesktop/login1/session/_32
[   102.044] (II) xfree86: Adding drm device (/dev/dri/card0)
[   102.044] (II) Platform probe for /sys/devices/pci0000:00/0000:00:02.0/drm/card0
[   102.048] (II) systemd-logind: got fd for /dev/dri/card0 226:0 fd 15 paused 0
[   102.081] (--) PCI:*(0@0:2:0) 15ad:0405:15ad:0405 rev 0, Mem @ 0xe0000000/16777216, 0xf0000000/2097152, I/O @ 0x0000d010/16, BIOS @ 0x????????/131072
[   102.084] (II) LoadModule: "glx"
[   102.086] (II) Loading /usr/lib/xorg/modules/extensions/libglx.so
[   102.098] (II) Module glx: vendor="X.Org Foundation"
[   102.098] 	compiled for 1.21.1.15, module version = 1.0.0
[   102.098] 	ABI class: X.Org Server Extension, version 10.0
[   102.099] (==) Matched vmware as autoconfigured driver 0
[   102.099] (==) Matched modesetting as autoconfigured driver 1
[   102.099] (==) Matched fbdev as autoconfigured driver 2
[   102.099] (==) Matched vesa as autoconfigured driver 3
[   102.099] (==) Assigned the driver to the xf86ConfigLayout
[   102.099] (II) LoadModule: "vmware"
[   102.099] (II) Loading /usr/lib/xorg/modules/drivers/vmware_drv.so
[   102.279] (II) Module vmware: vendor="X.Org Foundation"
[   102.279] 	compiled for 1.21.1.9, module version = 13.4.0
[   102.280] 	Module class: X.Org Video Driver
[   102.280] 	ABI class: X.Org Video Driver, version 25.2
[   102.280] (II) LoadModule: "modesetting"
[   102.280] (II) Loading /usr/lib/xorg/modules/drivers/modesetting_drv.so
[   102.281] (II) Module modesetting: vendor="X.Org Foundation"
[   102.281] 	compiled for 1.21.1.15, module version = 1.21.1
[   102.281] 	Module class: X.Org Video Driver
[   102.281] 	ABI class: X.Org Video Driver, version 25.2
[   102.281] (II) LoadModule: "fbdev"
[   102.281] (II) Loading /usr/lib/xorg/modules/drivers/fbdev_drv.so
[   102.282] (II) Module fbdev: vendor="X.Org Foundation"
[   102.282] 	compiled for 1.21.1.3, module version = 0.5.0
[   102.282] 	Module class: X.Org Video Driver
[   102.282] 	ABI class: X.Org Video Driver, version 25.2
[   102.282] (II) LoadModule: "vesa"
[   102.282] (II) Loading /usr/lib/xorg/modules/drivers/vesa_drv.so
[   102.282] (II) Module vesa: vendor="X.Org Foundation"
[   102.282] 	compiled for 1.21.1.9, module version = 2.6.0
[   102.282] 	Module class: X.Org Video Driver
[   102.282] 	ABI class: X.Org Video Driver, version 25.2
[   102.282] (II) vmware: driver for VMware SVGA: vmware0405, vmware0710
[   102.282] (II) modesetting: Driver for Modesetting Kernel Drivers: kms
[   102.282] (II) FBDEV: driver for framebuffer: fbdev
[   102.282] (II) VESA: driver for VESA chipsets: vesa
[   102.288] xf86EnableIO: failed to enable I/O ports 0000-03ff (Operation not permitted)
[   102.288] (WW) Falling back to old probe method for modesetting
[   102.288] (WW) Falling back to old probe method for fbdev
[   102.288] (II) Loading sub module "fbdevhw"
[   102.288] (II) LoadModule: "fbdevhw"
[   102.288] (II) Loading /usr/lib/xorg/modules/libfbdevhw.so
[   102.288] (II) Module fbdevhw: vendor="X.Org Foundation"
[   102.288] 	compiled for 1.21.1.15, module version = 0.0.2
[   102.288] 	ABI class: X.Org Video Driver, version 25.2
[   102.289] (WW) VGA arbiter: cannot open kernel arbiter, no multi-card support
[   102.289] (II) vmware(0): Creating default Display subsection in Screen section
	"Default Screen Section" for depth/fbbpp 24/32
[   102.289] (--) vmware(0): DRM driver version is 2.20.0
[   102.289] (==) vmware(0): Depth 24, (--) framebuffer bpp 32
[   102.289] (==) vmware(0): RGB weight 888
[   102.289] (==) vmware(0): Default visual is TrueColor
[   102.289] (--) vmware(0): Min width 1, Max Width 4096.
[   102.289] (--) vmware(0): Min height 1, Max Height 4096.
[   102.289] (II) vmware(0): Output Virtual1 has no monitor section
[   102.289] (II) vmware(0): Output Virtual2 has no monitor section
[   102.289] (II) vmware(0): Output Virtual3 has no monitor section
[   102.290] (II) vmware(0): Output Virtual4 has no monitor section
[   102.290] (II) vmware(0): Output Virtual5 has no monitor section
[   102.290] (II) vmware(0): Output Virtual6 has no monitor section
[   102.290] (II) vmware(0): Output Virtual7 has no monitor section
[   102.290] (II) vmware(0): Output Virtual8 has no monitor section
[   102.290] (II) vmware(0): Printing probed modes for output Virtual1
[   102.290] (II) vmware(0): Modeline "1280x800"x60.0   81.51  1280 1330 1380 1430  800 850 900 950 -hsync +vsync (57.0 kHz eP)
[   102.290] (II) vmware(0): Modeline "1920x1440"x60.0  234.00  1920 2048 2256 2600  1440 1441 1444 1500 -hsync +vsync (90.0 kHz e)
[   102.290] (II) vmware(0): Modeline "1856x1392"x60.0  218.25  1856 1952 2176 2528  1392 1393 1396 1439 -hsync +vsync (86.3 kHz e)
[   102.290] (II) vmware(0): Modeline "1792x1344"x60.0  204.75  1792 1920 2120 2448  1344 1345 1348 1394 -hsync +vsync (83.6 kHz e)
[   102.290] (II) vmware(0): Modeline "2048x1152"x60.0  162.00  2048 2074 2154 2250  1152 1153 1156 1200 +hsync +vsync (72.0 kHz e)
[   102.290] (II) vmware(0): Modeline "1920x1200"x59.9  193.25  1920 2056 2256 2592  1200 1203 1209 1245 -hsync +vsync (74.6 kHz e)
[   102.291] (II) vmware(0): Modeline "1920x1200"x60.0  154.00  1920 1968 2000 2080  1200 1203 1209 1235 +hsync -vsync (74.0 kHz e)
[   102.291] (II) vmware(0): Modeline "1920x1080"x60.0  148.50  1920 2008 2052 2200  1080 1084 1089 1125 -hsync -vsync (67.5 kHz e)
[   102.291] (II) vmware(0): Modeline "1600x1200"x60.0  162.00  1600 1664 1856 2160  1200 1201 1204 1250 +hsync +vsync (75.0 kHz e)
[   102.291] (II) vmware(0): Modeline "1680x1050"x60.0  146.25  1680 1784 1960 2240  1050 1053 1059 1089 -hsync +vsync (65.3 kHz e)
[   102.291] (II) vmware(0): Modeline "1680x1050"x59.9  119.00  1680 1728 1760 1840  1050 1053 1059 1080 +hsync -vsync (64.7 kHz e)
[   102.291] (II) vmware(0): Modeline "1400x1050"x60.0  121.75  1400 1488 1632 1864  1050 1053 1057 1089 -hsync +vsync (65.3 kHz e)
[   102.291] (II) vmware(0): Modeline "1400x1050"x59.9  101.00  1400 1448 1480 1560  1050 1053 1057 1080 +hsync -vsync (64.7 kHz e)
[   102.291] (II) vmware(0): Modeline "1600x900"x60.0  108.00  1600 1624 1704 1800  900 901 904 1000 +hsync +vsync (60.0 kHz e)
[   102.291] (II) vmware(0): Modeline "1280x1024"x60.0  108.00  1280 1328 1440 1688  1024 1025 1028 1066 +hsync +vsync (64.0 kHz e)
[   102.291] (II) vmware(0): Modeline "1440x900"x59.9  106.50  1440 1520 1672 1904  900 903 909 934 -hsync +vsync (55.9 kHz e)
[   102.291] (II) vmware(0): Modeline "1440x900"x59.9   88.75  1440 1488 1520 1600  900 903 909 926 +hsync -vsync (55.5 kHz e)
[   102.291] (II) vmware(0): Modeline "1280x960"x60.0  108.00  1280 1376 1488 1800  960 961 964 1000 +hsync +vsync (60.0 kHz e)
[   102.291] (II) vmware(0): Modeline "1366x768"x59.8   85.50  1366 1436 1579 1792  768 771 774 798 +hsync +vsync (47.7 kHz e)
[   102.291] (II) vmware(0): Modeline "1366x768"x60.0   72.00  1366 1380 1436 1500  768 769 772 800 +hsync +vsync (48.0 kHz e)
[   102.291] (II) vmware(0): Modeline "1360x768"x60.0   85.50  1360 1424 1536 1792  768 771 777 795 +hsync +vsync (47.7 kHz e)
[   102.291] (II) vmware(0): Modeline "1280x800"x59.8   83.50  1280 1352 1480 1680  800 803 809 831 -hsync +vsync (49.7 kHz e)
[   102.291] (II) vmware(0): Modeline "1280x800"x59.9   71.00  1280 1328 1360 1440  800 803 809 823 +hsync -vsync (49.3 kHz e)
[   102.291] (II) vmware(0): Modeline "1280x768"x59.9   79.50  1280 1344 1472 1664  768 771 778 798 -hsync +vsync (47.8 kHz e)
[   102.291] (II) vmware(0): Modeline "1280x768"x60.0   68.25  1280 1328 1360 1440  768 771 778 790 +hsync -vsync (47.4 kHz e)
[   102.291] (II) vmware(0): Modeline "1280x720"x60.0   74.25  1280 1390 1430 1650  720 725 730 750 +hsync +vsync (45.0 kHz e)
[   102.291] (II) vmware(0): Modeline "1024x768"x60.0   65.00  1024 1048 1184 1344  768 771 777 806 -hsync -vsync (48.4 kHz e)
[   102.291] (II) vmware(0): Modeline "800x600"x60.3   40.00  800 840 968 1056  600 601 605 628 +hsync +vsync (37.9 kHz e)
[   102.291] (II) vmware(0): Modeline "800x600"x56.2   36.00  800 824 896 1024  600 601 603 625 +hsync +vsync (35.2 kHz e)
[   102.291] (II) vmware(0): Modeline "848x480"x60.0   33.75  848 864 976 1088  480 486 494 517 +hsync +vsync (31.0 kHz e)
[   102.291] (II) vmware(0): Modeline "640x480"x59.9   25.18  640 656 752 800  480 490 492 525 -hsync -vsync (31.5 kHz e)
[   102.291] (II) vmware(0): EDID for output Virtual2
[   102.291] (II) vmware(0): EDID for output Virtual3
[   102.291] (II) vmware(0): EDID for output Virtual4
[   102.291] (II) vmware(0): EDID for output Virtual5
[   102.291] (II) vmware(0): EDID for output Virtual6
[   102.291] (II) vmware(0): EDID for output Virtual7
[   102.291] (II) vmware(0): EDID for output Virtual8
[   102.291] (II) vmware(0): Output Virtual1 connected
[   102.291] (II) vmware(0): Output Virtual2 disconnected
[   102.291] (II) vmware(0): Output Virtual3 disconnected
[   102.291] (II) vmware(0): Output Virtual4 disconnected
[   102.291] (II) vmware(0): Output Virtual5 disconnected
[   102.291] (II) vmware(0): Output Virtual6 disconnected
[   102.291] (II) vmware(0): Output Virtual7 disconnected
[   102.291] (II) vmware(0): Output Virtual8 disconnected
[   102.291] (II) vmware(0): Using exact sizes for initial modes
[   102.291] (II) vmware(0): Output Virtual1 using initial mode 1280x800 +0+0
[   102.292] (==) vmware(0): DPI set to (96, 96)
[   102.304] (==) vmware(0): Using gamma correction (1.0, 1.0, 1.0)
[   102.304] (II) Loading sub module "fb"
[   102.304] (II) LoadModule: "fb"
[   102.304] (II) Module "fb" already built-in
[   102.304] (II) Loading sub module "dri2"
[   102.304] (II) LoadModule: "dri2"
[   102.304] (II) Module "dri2" already built-in
[   102.304] (II) Loading sub module "dri3"
[   102.304] (II) LoadModule: "dri3"
[   102.304] (II) Module "dri3" already built-in
[   102.304] (II) UnloadModule: "modesetting"
[   102.304] (II) Unloading modesetting
[   102.304] (II) UnloadModule: "fbdev"
[   102.304] (II) Unloading fbdev
[   102.304] (II) UnloadSubModule: "fbdevhw"
[   102.304] (II) Unloading fbdevhw
[   102.305] (II) UnloadModule: "vesa"
[   102.305] (II) Unloading vesa
[   102.306] (II) vmware(0): Initialized VMWARE_CTRL extension version 0.2
[   102.330] (WW) vmware(0): Failed to initialize Gallium3D Xa. No render acceleration available.
[   102.330] (WW) vmware(0): Skipped initialization of direct rendering due to lack of render acceleration.
[   102.330] (--) vmware(0): Render acceleration is disabled.
[   102.330] (==) vmware(0): Rendercheck mode is disabled.
[   102.330] (--) vmware(0): Direct rendering (DRI2 3D) is disabled.
[   102.330] (--) vmware(0): Direct rendering (DRI3 3D) is disabled.
[   102.330] (==) vmware(0): Backing store enabled
[   102.330] (==) vmware(0): Silken mouse enabled
[   102.331] (==) vmware(0): DPMS enabled
[   102.331] (II) vmware(0): No 3D acceleration. Not setting up textured video.
[   102.331] (WW) vmware(0): Disabling Xv because no adaptors could be initialized.
[   102.331] (II) Initializing extension Generic Event Extension
[   102.335] (II) Initializing extension SHAPE
[   102.336] (II) Initializing extension MIT-SHM
[   102.338] (II) Initializing extension XInputExtension
[   102.339] (II) Initializing extension XTEST
[   102.339] (II) Initializing extension BIG-REQUESTS
[   102.344] (II) Initializing extension SYNC
[   102.345] (II) Initializing extension XKEYBOARD
[   102.345] (II) Initializing extension XC-MISC
[   102.346] (II) Initializing extension SECURITY
[   102.346] (II) Initializing extension XFIXES
[   102.347] (II) Initializing extension RENDER
[   102.347] (II) Initializing extension RANDR
[   102.350] (II) Initializing extension COMPOSITE
[   102.350] (II) Initializing extension DAMAGE
[   102.351] (II) Initializing extension MIT-SCREEN-SAVER
[   102.351] (II) Initializing extension DOUBLE-BUFFER
[   102.351] (II) Initializing extension RECORD
[   102.355] (II) Initializing extension DPMS
[   102.367] (II) Initializing extension Present
[   102.369] (II) Initializing extension DRI3
[   102.369] (II) Initializing extension X-Resource
[   102.371] (II) Initializing extension XVideo
[   102.372] (II) Initializing extension XVideo-MotionCompensation
[   102.372] (II) Initializing extension SELinux
[   102.372] (II) SELinux: Disabled on system
[   102.372] (II) Initializing extension GLX
[   102.374] (II) AIGLX: Screen 0 is not DRI2 capable
[   102.520] (II) IGLX: Loaded and initialized swrast
[   102.520] (II) GLX: Initialized DRISWRAST GL provider for screen 0
[   102.523] (II) Initializing extension XFree86-VidModeExtension
[   102.523] (II) Initializing extension XFree86-DGA
[   102.524] (II) Initializing extension XFree86-DRI
[   102.524] (II) Initializing extension DRI2
[   102.536] (II) vmware(0): Setting screen physical size to 338 x 211
[   102.943] (II) config/udev: Adding input device Power Button (/dev/input/event1)
[   102.943] (**) Power Button: Applying InputClass "libinput keyboard catchall"
[   102.943] (II) LoadModule: "libinput"
[   102.944] (II) Loading /usr/lib/xorg/modules/input/libinput_drv.so
[   102.951] (II) Module libinput: vendor="X.Org Foundation"
[   102.951] 	compiled for 1.21.1.15, module version = 1.5.0
[   102.951] 	Module class: X.Org XInput Driver
[   102.951] 	ABI class: X.Org XInput driver, version 24.4
[   102.951] (II) Using input driver 'libinput' for 'Power Button'
[   102.955] (II) systemd-logind: got fd for /dev/input/event1 13:65 fd 26 paused 0
[   102.955] (**) Power Button: always reports core events
[   102.955] (**) Option "Device" "/dev/input/event1"
[   102.974] (II) event1  - Power Button: is tagged by udev as: Keyboard
[   102.975] (II) event1  - Power Button: device is a keyboard
[   102.975] (II) event1  - Power Button: device removed
[   102.976] (**) Option "config_info" "udev:/sys/devices/LNXSYSTM:00/LNXPWRBN:00/input/input2/event1"
[   102.976] (II) XINPUT: Adding extended input device "Power Button" (type: KEYBOARD, id 6)
[   102.976] (**) Option "xkb_model" "pc105"
[   102.976] (**) Option "xkb_layout" "gb"
[   103.073] (II) event1  - Power Button: is tagged by udev as: Keyboard
[   103.073] (II) event1  - Power Button: device is a keyboard
[   103.076] (II) config/udev: Adding input device Sleep Button (/dev/input/event2)
[   103.076] (**) Sleep Button: Applying InputClass "libinput keyboard catchall"
[   103.076] (II) Using input driver 'libinput' for 'Sleep Button'
[   103.079] (II) systemd-logind: got fd for /dev/input/event2 13:66 fd 29 paused 0
[   103.079] (**) Sleep Button: always reports core events
[   103.079] (**) Option "Device" "/dev/input/event2"
[   103.089] (II) event2  - Sleep Button: is tagged by udev as: Keyboard
[   103.091] (II) event2  - Sleep Button: device is a keyboard
[   103.092] (II) event2  - Sleep Button: device removed
[   103.093] (**) Option "config_info" "udev:/sys/devices/LNXSYSTM:00/LNXSLPBN:00/input/input3/event2"
[   103.093] (II) XINPUT: Adding extended input device "Sleep Button" (type: KEYBOARD, id 7)
[   103.093] (**) Option "xkb_model" "pc105"
[   103.093] (**) Option "xkb_layout" "gb"
[   103.100] (II) event2  - Sleep Button: is tagged by udev as: Keyboard
[   103.101] (II) event2  - Sleep Button: device is a keyboard
[   103.107] (II) config/udev: Adding input device Video Bus (/dev/input/event3)
[   103.107] (**) Video Bus: Applying InputClass "libinput keyboard catchall"
[   103.107] (II) Using input driver 'libinput' for 'Video Bus'
[   103.110] (II) systemd-logind: got fd for /dev/input/event3 13:67 fd 30 paused 0
[   103.110] (**) Video Bus: always reports core events
[   103.110] (**) Option "Device" "/dev/input/event3"
[   103.118] (II) event3  - Video Bus: is tagged by udev as: Keyboard
[   103.119] (II) event3  - Video Bus: device is a keyboard
[   103.119] (II) event3  - Video Bus: device removed
[   103.120] (**) Option "config_info" "udev:/sys/devices/LNXSYSTM:00/LNXSYBUS:00/PNP0A03:00/LNXVIDEO:00/input/input4/event3"
[   103.120] (II) XINPUT: Adding extended input device "Video Bus" (type: KEYBOARD, id 8)
[   103.120] (**) Option "xkb_model" "pc105"
[   103.120] (**) Option "xkb_layout" "gb"
[   103.123] (II) event3  - Video Bus: is tagged by udev as: Keyboard
[   103.123] (II) event3  - Video Bus: device is a keyboard
[   103.128] (II) config/udev: Adding input device VirtualBox mouse integration (/dev/input/event7)
[   103.128] (**) VirtualBox mouse integration: Applying InputClass "libinput pointer catchall"
[   103.129] (II) Using input driver 'libinput' for 'VirtualBox mouse integration'
[   103.132] (II) systemd-logind: got fd for /dev/input/event7 13:71 fd 31 paused 0
[   103.132] (**) VirtualBox mouse integration: always reports core events
[   103.132] (**) Option "Device" "/dev/input/event7"
[   103.142] (II) event7  - VirtualBox mouse integration: is tagged by udev as: Mouse
[   103.143] (II) event7  - VirtualBox mouse integration: device is a pointer
[   103.144] (II) event7  - VirtualBox mouse integration: device removed
[   103.144] (**) Option "config_info" "udev:/sys/devices/pci0000:00/0000:00:04.0/input/input8/event7"
[   103.144] (II) XINPUT: Adding extended input device "VirtualBox mouse integration" (type: MOUSE, id 9)
[   103.145] (**) Option "AccelerationScheme" "none"
[   103.145] (**) VirtualBox mouse integration: (accel) selected scheme none/0
[   103.146] (**) VirtualBox mouse integration: (accel) acceleration factor: 2.000
[   103.146] (**) VirtualBox mouse integration: (accel) acceleration threshold: 4
[   103.149] (II) event7  - VirtualBox mouse integration: is tagged by udev as: Mouse
[   103.151] (II) event7  - VirtualBox mouse integration: device is a pointer
[   103.154] (II) config/udev: Adding input device VirtualBox mouse integration (/dev/input/js1)
[   103.154] (II) No input driver specified, ignoring this device.
[   103.154] (II) This device may have been added with another device file.
[   103.155] (II) config/udev: Adding input device VirtualBox mouse integration (/dev/input/mouse2)
[   103.155] (II) No input driver specified, ignoring this device.
[   103.156] (II) This device may have been added with another device file.
[   103.158] (II) config/udev: Adding input device VirtualBox USB Tablet (/dev/input/event5)
[   103.158] (**) VirtualBox USB Tablet: Applying InputClass "libinput pointer catchall"
[   103.158] (II) Using input driver 'libinput' for 'VirtualBox USB Tablet'
[   103.161] (II) systemd-logind: got fd for /dev/input/event5 13:69 fd 32 paused 0
[   103.161] (**) VirtualBox USB Tablet: always reports core events
[   103.161] (**) Option "Device" "/dev/input/event5"
[   103.177] (II) event5  - VirtualBox USB Tablet: is tagged by udev as: Mouse
[   103.178] (II) event5  - VirtualBox USB Tablet: device is a pointer
[   103.179] (II) event5  - VirtualBox USB Tablet: device removed
[   103.179] (**) Option "config_info" "udev:/sys/devices/pci0000:00/0000:00:06.0/usb2/2-1/2-1:1.0/0003:80EE:0021.0001/input/input6/event5"
[   103.179] (II) XINPUT: Adding extended input device "VirtualBox USB Tablet" (type: MOUSE, id 10)
[   103.181] (**) Option "AccelerationScheme" "none"
[   103.181] (**) VirtualBox USB Tablet: (accel) selected scheme none/0
[   103.181] (**) VirtualBox USB Tablet: (accel) acceleration factor: 2.000
[   103.181] (**) VirtualBox USB Tablet: (accel) acceleration threshold: 4
[   103.186] (II) event5  - VirtualBox USB Tablet: is tagged by udev as: Mouse
[   103.188] (II) event5  - VirtualBox USB Tablet: device is a pointer
[   103.191] (II) config/udev: Adding input device VirtualBox USB Tablet (/dev/input/js0)
[   103.191] (II) No input driver specified, ignoring this device.
[   103.191] (II) This device may have been added with another device file.
[   103.193] (II) config/udev: Adding input device VirtualBox USB Tablet (/dev/input/mouse1)
[   103.194] (II) No input driver specified, ignoring this device.
[   103.194] (II) This device may have been added with another device file.
[   103.195] (II) config/udev: Adding input device AT Translated Set 2 keyboard (/dev/input/event0)
[   103.196] (**) AT Translated Set 2 keyboard: Applying InputClass "libinput keyboard catchall"
[   103.196] (II) Using input driver 'libinput' for 'AT Translated Set 2 keyboard'
[   103.207] (II) systemd-logind: got fd for /dev/input/event0 13:64 fd 33 paused 0
[   103.208] (**) AT Translated Set 2 keyboard: always reports core events
[   103.208] (**) Option "Device" "/dev/input/event0"
[   103.218] (II) event0  - AT Translated Set 2 keyboard: is tagged by udev as: Keyboard
[   103.219] (II) event0  - AT Translated Set 2 keyboard: device is a keyboard
[   103.222] (II) event0  - AT Translated Set 2 keyboard: device removed
[   103.222] (**) Option "config_info" "udev:/sys/devices/platform/i8042/serio0/input/input0/event0"
[   103.222] (II) XINPUT: Adding extended input device "AT Translated Set 2 keyboard" (type: KEYBOARD, id 11)
[   103.222] (**) Option "xkb_model" "pc105"
[   103.223] (**) Option "xkb_layout" "gb"
[   103.227] (II) event0  - AT Translated Set 2 keyboard: is tagged by udev as: Keyboard
[   103.228] (II) event0  - AT Translated Set 2 keyboard: device is a keyboard
[   103.235] (II) config/udev: Adding input device ImExPS/2 Generic Explorer Mouse (/dev/input/event4)
[   103.235] (**) ImExPS/2 Generic Explorer Mouse: Applying InputClass "libinput pointer catchall"
[   103.235] (II) Using input driver 'libinput' for 'ImExPS/2 Generic Explorer Mouse'
[   103.240] (II) systemd-logind: got fd for /dev/input/event4 13:68 fd 34 paused 0
[   103.240] (**) ImExPS/2 Generic Explorer Mouse: always reports core events
[   103.240] (**) Option "Device" "/dev/input/event4"
[   103.243] (II) event4  - ImExPS/2 Generic Explorer Mouse: is tagged by udev as: Mouse
[   103.250] (II) event4  - ImExPS/2 Generic Explorer Mouse: device is a pointer
[   103.251] (II) event4  - ImExPS/2 Generic Explorer Mouse: device removed
[   103.252] (II) libinput: ImExPS/2 Generic Explorer Mouse: Step value 0 was provided, libinput Fallback acceleration function is used.
[   103.252] (II) libinput: ImExPS/2 Generic Explorer Mouse: Step value 0 was provided, libinput Fallback acceleration function is used.
[   103.252] (II) libinput: ImExPS/2 Generic Explorer Mouse: Step value 0 was provided, libinput Fallback acceleration function is used.
[   103.252] (**) Option "config_info" "udev:/sys/devices/platform/i8042/serio1/input/input5/event4"
[   103.253] (II) XINPUT: Adding extended input device "ImExPS/2 Generic Explorer Mouse" (type: MOUSE, id 12)
[   103.253] (**) Option "AccelerationScheme" "none"
[   103.254] (**) ImExPS/2 Generic Explorer Mouse: (accel) selected scheme none/0
[   103.254] (**) ImExPS/2 Generic Explorer Mouse: (accel) acceleration factor: 2.000
[   103.254] (**) ImExPS/2 Generic Explorer Mouse: (accel) acceleration threshold: 4
[   103.257] (II) event4  - ImExPS/2 Generic Explorer Mouse: is tagged by udev as: Mouse
[   103.258] (II) event4  - ImExPS/2 Generic Explorer Mouse: device is a pointer
[   103.261] (II) config/udev: Adding input device ImExPS/2 Generic Explorer Mouse (/dev/input/mouse0)
[   103.261] (II) No input driver specified, ignoring this device.
[   103.261] (II) This device may have been added with another device file.
[   103.262] (II) config/udev: Adding input device PC Speaker (/dev/input/event6)
[   103.263] (II) No input driver specified, ignoring this device.
[   103.263] (II) This device may have been added with another device file.
[   182.055] (EE) No surface to present from.
